<?xml version="1.0" encoding="UTF-8"?>
<testng-results ignored="0" total="1" passed="1" failed="0" skipped="0">
  <reporter-output>
  </reporter-output>
  <suite started-at="2019-11-28T17:44:33Z" name="Default suite" finished-at="2019-11-28T17:44:49Z" duration-ms="15600">
    <groups>
    </groups>
    <test started-at="2019-11-28T17:44:33Z" name="Default test" finished-at="2019-11-28T17:44:49Z" duration-ms="15600">
      <class name="main.java.HotelBookingTest">
        <test-method signature="shouldBeAbleToSearchForHotels()[pri:0, instance:main.java.HotelBookingTest@eb6449b]" started-at="2019-11-28T23:14:33Z" name="shouldBeAbleToSearchForHotels" finished-at="2019-11-28T23:14:49Z" duration-ms="15567" status="PASS">
          <reporter-output>
          </reporter-output>
        </test-method> <!-- shouldBeAbleToSearchForHotels -->
      </class> <!-- main.java.HotelBookingTest -->
    </test> <!-- Default test -->
  </suite> <!-- Default suite -->
</testng-results>
